mode: set
github.com/farrellit/aoc/2022/rps/rps.go:20.33,21.11 1 1
github.com/farrellit/aoc/2022/rps/rps.go:29.2,29.18 1 1
github.com/farrellit/aoc/2022/rps/rps.go:22.12,23.16 1 1
github.com/farrellit/aoc/2022/rps/rps.go:24.13,25.17 1 1
github.com/farrellit/aoc/2022/rps/rps.go:26.16,27.20 1 1
github.com/farrellit/aoc/2022/rps/rps.go:43.41,46.2 2 1
github.com/farrellit/aoc/2022/rps/rps.go:48.45,51.34 2 1
github.com/farrellit/aoc/2022/rps/rps.go:85.2,85.8 1 1
github.com/farrellit/aoc/2022/rps/rps.go:51.34,54.3 2 1
github.com/farrellit/aoc/2022/rps/rps.go:54.8,55.23 1 1
github.com/farrellit/aoc/2022/rps/rps.go:56.13,57.24 1 1
github.com/farrellit/aoc/2022/rps/rps.go:65.14,66.24 1 1
github.com/farrellit/aoc/2022/rps/rps.go:74.17,75.24 1 1
github.com/farrellit/aoc/2022/rps/rps.go:58.15,60.29 2 1
github.com/farrellit/aoc/2022/rps/rps.go:61.18,63.29 2 1
github.com/farrellit/aoc/2022/rps/rps.go:67.14,69.29 2 1
github.com/farrellit/aoc/2022/rps/rps.go:70.18,72.29 2 1
github.com/farrellit/aoc/2022/rps/rps.go:76.14,78.29 2 1
github.com/farrellit/aoc/2022/rps/rps.go:79.15,81.29 2 1
github.com/farrellit/aoc/2022/rps/rps.go:92.44,93.28 1 1
github.com/farrellit/aoc/2022/rps/rps.go:107.2,107.61 1 1
github.com/farrellit/aoc/2022/rps/rps.go:94.11,95.14 1 1
github.com/farrellit/aoc/2022/rps/rps.go:96.11,97.19 1 1
github.com/farrellit/aoc/2022/rps/rps.go:98.11,99.14 1 1
github.com/farrellit/aoc/2022/rps/rps.go:100.11,101.20 1 1
github.com/farrellit/aoc/2022/rps/rps.go:102.11,103.14 1 1
github.com/farrellit/aoc/2022/rps/rps.go:104.11,105.23 1 1
github.com/farrellit/aoc/2022/rps/rps.go:110.50,113.18 3 1
github.com/farrellit/aoc/2022/rps/rps.go:131.2,131.12 1 1
github.com/farrellit/aoc/2022/rps/rps.go:113.18,117.22 4 1
github.com/farrellit/aoc/2022/rps/rps.go:120.3,121.26 2 1
github.com/farrellit/aoc/2022/rps/rps.go:129.3,129.37 1 1
github.com/farrellit/aoc/2022/rps/rps.go:117.22,119.4 1 1
github.com/farrellit/aoc/2022/rps/rps.go:121.26,122.52 1 1
github.com/farrellit/aoc/2022/rps/rps.go:122.52,125.5 1 1
github.com/farrellit/aoc/2022/rps/rps.go:125.10,127.5 1 1
github.com/farrellit/aoc/2022/rps/rps.go:134.41,135.21 1 1
github.com/farrellit/aoc/2022/rps/rps.go:138.2,138.29 1 1
github.com/farrellit/aoc/2022/rps/rps.go:143.2,143.8 1 1
github.com/farrellit/aoc/2022/rps/rps.go:135.21,137.3 1 1
github.com/farrellit/aoc/2022/rps/rps.go:138.29,142.3 3 1
