mode: set
github.com/farrellit/aoc/2022/elves.go:15.31,17.2 1 0
github.com/farrellit/aoc/2022/elves.go:19.40,21.2 1 1
github.com/farrellit/aoc/2022/elves.go:23.41,24.23 1 1
github.com/farrellit/aoc/2022/elves.go:27.2,27.31 1 1
github.com/farrellit/aoc/2022/elves.go:30.2,30.8 1 1
github.com/farrellit/aoc/2022/elves.go:24.23,26.3 1 1
github.com/farrellit/aoc/2022/elves.go:27.31,29.3 1 1
github.com/farrellit/aoc/2022/elves.go:35.47,37.2 1 1
github.com/farrellit/aoc/2022/elves.go:38.42,40.2 1 1
github.com/farrellit/aoc/2022/elves.go:41.37,43.2 1 1
github.com/farrellit/aoc/2022/elves.go:45.53,46.23 1 1
github.com/farrellit/aoc/2022/elves.go:49.2,49.8 1 1
github.com/farrellit/aoc/2022/elves.go:46.23,48.3 1 1
github.com/farrellit/aoc/2022/elves.go:52.43,56.25 4 1
github.com/farrellit/aoc/2022/elves.go:77.2,77.14 1 1
github.com/farrellit/aoc/2022/elves.go:80.2,80.14 1 1
github.com/farrellit/aoc/2022/elves.go:56.25,59.17 3 1
github.com/farrellit/aoc/2022/elves.go:67.3,67.59 1 1
github.com/farrellit/aoc/2022/elves.go:72.3,72.15 1 1
github.com/farrellit/aoc/2022/elves.go:75.3,75.21 1 1
github.com/farrellit/aoc/2022/elves.go:59.17,61.16 1 1
github.com/farrellit/aoc/2022/elves.go:65.4,65.12 1 1
github.com/farrellit/aoc/2022/elves.go:61.16,64.5 2 1
github.com/farrellit/aoc/2022/elves.go:67.59,68.96 1 0
github.com/farrellit/aoc/2022/elves.go:69.9,71.4 1 1
github.com/farrellit/aoc/2022/elves.go:72.15,74.4 1 1
github.com/farrellit/aoc/2022/elves.go:77.14,79.3 1 1
github.com/farrellit/aoc/2022/main.go:10.13,12.56 1 0
github.com/farrellit/aoc/2022/main.go:24.2,24.56 1 0
github.com/farrellit/aoc/2022/main.go:12.56,13.58 1 0
github.com/farrellit/aoc/2022/main.go:14.8,22.3 6 0
github.com/farrellit/aoc/2022/main.go:24.56,25.58 1 0
github.com/farrellit/aoc/2022/main.go:26.8,28.48 2 0
github.com/farrellit/aoc/2022/main.go:31.3,31.42 1 0
github.com/farrellit/aoc/2022/main.go:28.48,29.71 1 0
